[debug] [2021-08-11T05:46:53.805Z] ----------------------------------------------------------------------
[debug] [2021-08-11T05:46:53.806Z] Command:       /Users/jumang/.local/share/nvm/v15.8.0/bin/node /usr/local/bin/firebase deploy
[debug] [2021-08-11T05:46:53.806Z] CLI Version:   9.16.0
[debug] [2021-08-11T05:46:53.806Z] Platform:      darwin
[debug] [2021-08-11T05:46:53.806Z] Node Version:  v15.8.0
[debug] [2021-08-11T05:46:53.810Z] Time:          Wed Aug 11 2021 14:46:53 GMT+0900 (Japan Standard Time)
[debug] [2021-08-11T05:46:53.810Z] ----------------------------------------------------------------------
[debug] 
[debug] [2021-08-11T05:46:53.859Z] > command requires scopes: ["email","openid","https://www.googleapis.com/auth/cloudplatformprojects.readonly","https://www.googleapis.com/auth/firebase","https://www.googleapis.com/auth/cloud-platform"]
[debug] [2021-08-11T05:46:53.860Z] > authorizing via signed-in user (catontheskate4423@gmail.com)
[debug] [2021-08-11T05:46:53.860Z] [iam] checking project anatato-pingpong for permissions ["firebase.projects.get","firebasedatabase.instances.update","firebasehosting.sites.update"]
[debug] [2021-08-11T05:46:53.861Z] > refreshing access token with scopes: ["email","https://www.googleapis.com/auth/cloud-platform","https://www.googleapis.com/auth/cloudplatformprojects.readonly","https://www.googleapis.com/auth/firebase","openid"]
[debug] [2021-08-11T05:46:53.861Z] >>> HTTP REQUEST POST https://www.googleapis.com/oauth2/v3/token  
 <request body omitted>
[debug] [2021-08-11T05:47:21.816Z] <<< HTTP RESPONSE 200 {"cache-control":"no-cache, no-store, max-age=0, must-revalidate","date":"Wed, 11 Aug 2021 05:47:21 GMT","expires":"Mon, 01 Jan 1990 00:00:00 GMT","pragma":"no-cache","content-type":"application/json; charset=utf-8","vary":"X-Origin, Referer, Origin,Accept-Encoding","server":"scaffolding on HTTPServer2","x-xss-protection":"0","x-frame-options":"SAMEORIGIN","x-content-type-options":"nosniff","alt-svc":"h3=\":443\"; ma=2592000,h3-29=\":443\"; ma=2592000,h3-T051=\":443\"; ma=2592000,h3-Q050=\":443\"; ma=2592000,h3-Q046=\":443\"; ma=2592000,h3-Q043=\":443\"; ma=2592000,quic=\":443\"; ma=2592000; v=\"46,43\"","accept-ranges":"none","transfer-encoding":"chunked"}
[debug] [2021-08-11T05:47:21.873Z] >>> HTTP REQUEST POST https://cloudresourcemanager.googleapis.com/v1/projects/anatato-pingpong:testIamPermissions  
 {"permissions":["firebase.projects.get","firebasedatabase.instances.update","firebasehosting.sites.update"]}
[debug] [2021-08-11T05:47:23.240Z] <<< HTTP RESPONSE 200 {"content-type":"application/json; charset=UTF-8","vary":"X-Origin, Referer, Origin,Accept-Encoding","date":"Wed, 11 Aug 2021 05:47:23 GMT","server":"ESF","cache-control":"private","x-xss-protection":"0","x-frame-options":"SAMEORIGIN","x-content-type-options":"nosniff","server-timing":"gfet4t7; dur=563","alt-svc":"h3=\":443\"; ma=2592000,h3-29=\":443\"; ma=2592000,h3-T051=\":443\"; ma=2592000,h3-Q050=\":443\"; ma=2592000,h3-Q046=\":443\"; ma=2592000,h3-Q043=\":443\"; ma=2592000,quic=\":443\"; ma=2592000; v=\"46,43\"","accept-ranges":"none","transfer-encoding":"chunked"}
[debug] [2021-08-11T05:47:23.246Z] > refreshing access token with scopes: []
[debug] [2021-08-11T05:47:23.246Z] >>> HTTP REQUEST POST https://www.googleapis.com/oauth2/v3/token  
 <request body omitted>
[debug] [2021-08-11T05:47:23.996Z] <<< HTTP RESPONSE 200 {"pragma":"no-cache","cache-control":"no-cache, no-store, max-age=0, must-revalidate","expires":"Mon, 01 Jan 1990 00:00:00 GMT","date":"Wed, 11 Aug 2021 05:47:23 GMT","content-type":"application/json; charset=utf-8","vary":"X-Origin, Referer, Origin,Accept-Encoding","server":"scaffolding on HTTPServer2","x-xss-protection":"0","x-frame-options":"SAMEORIGIN","x-content-type-options":"nosniff","alt-svc":"h3=\":443\"; ma=2592000,h3-29=\":443\"; ma=2592000,h3-T051=\":443\"; ma=2592000,h3-Q050=\":443\"; ma=2592000,h3-Q046=\":443\"; ma=2592000,h3-Q043=\":443\"; ma=2592000,quic=\":443\"; ma=2592000; v=\"46,43\"","accept-ranges":"none","transfer-encoding":"chunked"}
[debug] [2021-08-11T05:47:24.045Z] >>> [apiv2][query] GET https://firebase.googleapis.com/v1beta1/projects/anatato-pingpong [none]
[debug] [2021-08-11T05:47:25.006Z] <<< [apiv2][status] GET https://firebase.googleapis.com/v1beta1/projects/anatato-pingpong 200
[debug] [2021-08-11T05:47:25.006Z] <<< [apiv2][body] GET https://firebase.googleapis.com/v1beta1/projects/anatato-pingpong {"projectId":"anatato-pingpong","projectNumber":"1001293858819","displayName":"anatato-pingpong","name":"projects/anatato-pingpong","resources":{"hostingSite":"anatato-pingpong","realtimeDatabaseInstance":"anatato-pingpong-default-rtdb"},"state":"ACTIVE"}
[debug] [2021-08-11T05:47:25.007Z] >>> [apiv2][query] GET https://firebase.googleapis.com/v1beta1/projects/anatato-pingpong [none]
[debug] [2021-08-11T05:47:25.937Z] <<< [apiv2][status] GET https://firebase.googleapis.com/v1beta1/projects/anatato-pingpong 200
[debug] [2021-08-11T05:47:25.938Z] <<< [apiv2][body] GET https://firebase.googleapis.com/v1beta1/projects/anatato-pingpong {"projectId":"anatato-pingpong","projectNumber":"1001293858819","displayName":"anatato-pingpong","name":"projects/anatato-pingpong","resources":{"hostingSite":"anatato-pingpong","realtimeDatabaseInstance":"anatato-pingpong-default-rtdb"},"state":"ACTIVE"}
[info] 
[info] === Deploying to 'anatato-pingpong'...
[info] 
[info] i  deploying database, hosting 
[info] i  database: checking rules syntax... 
[debug] [2021-08-11T05:47:25.942Z] > refreshing access token with scopes: ["email","https://www.googleapis.com/auth/cloud-platform","https://www.googleapis.com/auth/cloudplatformprojects.readonly","https://www.googleapis.com/auth/firebase","openid"]
[debug] [2021-08-11T05:47:25.942Z] >>> HTTP REQUEST POST https://www.googleapis.com/oauth2/v3/token  
 <request body omitted>
[debug] [2021-08-11T05:47:26.496Z] <<< HTTP RESPONSE 200 {"cache-control":"no-cache, no-store, max-age=0, must-revalidate","expires":"Mon, 01 Jan 1990 00:00:00 GMT","pragma":"no-cache","date":"Wed, 11 Aug 2021 05:47:26 GMT","content-type":"application/json; charset=utf-8","vary":"X-Origin, Referer, Origin,Accept-Encoding","server":"scaffolding on HTTPServer2","x-xss-protection":"0","x-frame-options":"SAMEORIGIN","x-content-type-options":"nosniff","alt-svc":"h3=\":443\"; ma=2592000,h3-29=\":443\"; ma=2592000,h3-T051=\":443\"; ma=2592000,h3-Q050=\":443\"; ma=2592000,h3-Q046=\":443\"; ma=2592000,h3-Q043=\":443\"; ma=2592000,quic=\":443\"; ma=2592000; v=\"46,43\"","accept-ranges":"none","transfer-encoding":"chunked"}
[debug] [2021-08-11T05:47:26.544Z] >>> HTTP REQUEST GET https://firebasedatabase.googleapis.com/v1beta/projects/anatato-pingpong/locations/-/instances/anatato-pingpong-default-rtdb  
 
[debug] [2021-08-11T05:47:27.634Z] <<< HTTP RESPONSE 200 {"content-type":"application/json; charset=UTF-8","vary":"X-Origin, Referer, Origin,Accept-Encoding","date":"Wed, 11 Aug 2021 05:47:27 GMT","server":"ESF","cache-control":"private","x-xss-protection":"0","x-frame-options":"SAMEORIGIN","x-content-type-options":"nosniff","alt-svc":"h3=\":443\"; ma=2592000,h3-29=\":443\"; ma=2592000,h3-T051=\":443\"; ma=2592000,h3-Q050=\":443\"; ma=2592000,h3-Q046=\":443\"; ma=2592000,h3-Q043=\":443\"; ma=2592000,quic=\":443\"; ma=2592000; v=\"46,43\"","accept-ranges":"none","transfer-encoding":"chunked"}
[debug] [2021-08-11T05:47:27.639Z] >>> HTTP REQUEST PUT https://anatato-pingpong-default-rtdb.asia-southeast1.firebasedatabase.app/.settings/rules.json?dryRun=true  
 {
  "rules": {
    ".read": true,
    ".write": true
  }
}

[debug] [2021-08-11T05:47:28.756Z] <<< HTTP RESPONSE 200 {"server":"nginx","date":"Wed, 11 Aug 2021 05:47:28 GMT","content-type":"application/json; charset=utf-8","content-length":"15","connection":"keep-alive","access-control-allow-origin":"*","cache-control":"no-cache","strict-transport-security":"max-age=31556926; includeSubDomains; preload"}
[info] ✔  database: rules syntax for database anatato-pingpong-default-rtdb is valid 
[debug] [2021-08-11T05:47:28.767Z] >>> HTTP REQUEST POST https://firebasehosting.googleapis.com/v1beta1/sites/anatato-pingpong/versions  
 {"config":{},"labels":{"deployment-tool":"cli-firebase"}}
[debug] [2021-08-11T05:47:30.511Z] <<< HTTP RESPONSE 200 {"content-type":"application/json; charset=UTF-8","vary":"X-Origin, Referer, Origin,Accept-Encoding","date":"Wed, 11 Aug 2021 05:47:30 GMT","server":"ESF","cache-control":"private","x-xss-protection":"0","x-frame-options":"SAMEORIGIN","x-content-type-options":"nosniff","alt-svc":"h3=\":443\"; ma=2592000,h3-29=\":443\"; ma=2592000,h3-T051=\":443\"; ma=2592000,h3-Q050=\":443\"; ma=2592000,h3-Q046=\":443\"; ma=2592000,h3-Q043=\":443\"; ma=2592000,quic=\":443\"; ma=2592000; v=\"46,43\"","accept-ranges":"none","transfer-encoding":"chunked"}
[info] i  hosting[anatato-pingpong]: beginning deploy... 
[info] i  hosting[anatato-pingpong]: found 22 files in out 
[debug] [2021-08-11T05:47:30.576Z] > refreshing access token with scopes: []
[debug] [2021-08-11T05:47:30.576Z] >>> HTTP REQUEST POST https://www.googleapis.com/oauth2/v3/token  
 <request body omitted>
[debug] [2021-08-11T05:47:30.580Z] [hosting] hash cache [b3V0] stored for 22 files
[debug] [2021-08-11T05:47:30.580Z] [hosting][hash queue][FINAL] {"max":25,"min":12,"avg":15.636363636363637,"active":0,"complete":22,"success":22,"errored":0,"retried":0,"total":22,"elapsed":32}
[debug] [2021-08-11T05:47:34.026Z] <<< HTTP RESPONSE 200 {"cache-control":"no-cache, no-store, max-age=0, must-revalidate","date":"Wed, 11 Aug 2021 05:47:31 GMT","pragma":"no-cache","expires":"Mon, 01 Jan 1990 00:00:00 GMT","content-type":"application/json; charset=utf-8","vary":"X-Origin, Referer, Origin,Accept-Encoding","server":"scaffolding on HTTPServer2","x-xss-protection":"0","x-frame-options":"SAMEORIGIN","x-content-type-options":"nosniff","alt-svc":"h3=\":443\"; ma=2592000,h3-29=\":443\"; ma=2592000,h3-T051=\":443\"; ma=2592000,h3-Q050=\":443\"; ma=2592000,h3-Q046=\":443\"; ma=2592000,h3-Q043=\":443\"; ma=2592000,quic=\":443\"; ma=2592000; v=\"46,43\"","accept-ranges":"none","transfer-encoding":"chunked"}
[debug] [2021-08-11T05:47:34.078Z] >>> [apiv2][query] POST https://firebasehosting.googleapis.com/v1beta1/sites/anatato-pingpong/versions/2eba76bff9834cf2:populateFiles [none]
[debug] [2021-08-11T05:47:34.079Z] >>> [apiv2][body] POST https://firebasehosting.googleapis.com/v1beta1/sites/anatato-pingpong/versions/2eba76bff9834cf2:populateFiles {"files":{"/vercel.svg":"52e0371390cc99e009fdfa1f1c9559010afed60b86f5caaf036bf9bc14ab2501","/404.html":"156cda3a21f9f53d66d7396dcebfbb5a479273fe048dd0ed39026c45402c769e","/_next/static/54ATslPicBT2OCSB4ZxK9/_buildManifest.js":"b8fa0bde401b6263ef3926dbbea6302db0e53a01dc9196a72f3660e84b839e4f","/index.html":"8528b85b203b3f96b4443b4e02a7aa28e58ddafc63a81bc375dc42a2bc92e669","/_next/static/54ATslPicBT2OCSB4ZxK9/_ssgManifest.js":"5c126729f9831113842c425975615db312fa26d39f3a9e1baa47d4ad65ac2f90","/_next/static/chunks/766.1209fb4e5055e0469323.js":"450a82b7bacdde0c742c6d3679f1fb0eae025792b538a9bcc30376031e7b958f","/favicon.ico":"04614fc32690cb60b39e472119b7f7aa91d88eaeb8511a7489f8cbe1552e6e59","/_next/static/chunks/webpack-91f4326f7ca77c828202.js":"a82c8344dc36285892db79e0d00941db274f4328a0fd38aed80acfb6fc05bb79","/_next/static/chunks/pages/_app-02523805f1f9350d0682.js":"c866cadcdcf72bf8fac2a1b1100eab8700edbddcfe824368cc64b12a1473682c","/_next/static/css/120f2e2270820d49a21f.css":"74c622bbbf4967a44f0533737b9fa1348ce65c45b6561da53f5e4b8a9a0cec52","/_next/static/chunks/pages/index-efc09f31ceb996087a8c.js":"17019809807bb693e7645a35a40598ac06a6994a675c3e1bf474115d3584ce7f","/_next/static/css/b9b607e82cbfaa437a80.css":"8f406799199a6cfe237d6d272d0bb391f224efba8725f4ae5ee40f397a33041c","/_next/static/chunks/pages/_error-9faf4177fb4e528b4124.js":"6373ad44f04cb8a2681346c259529f69e8ecdc00d2797d14cfa9e0f31767549d","/_next/static/chunks/main-655ad0ce567efa01caa9.js":"b425c1cf80e24864ccec10cf24f434d53bdebccb4b121d38e0c36c0eb402338b","/_next/static/chunks/polyfills-a54b4f32bdc1ef890ddd.js":"d1fc174b1721661ad39961cba8b1b3237f8b9d7f272c16ed7b1e8f950266bb2b","/_next/static/chunks/framework-64eb7138163e04c228e4.js":"c294fb8c941fe81de48ac801f02550679e286711604f6e85a5864acbce17944f","/pong.mp3":"5146b092ed55cc80350488dfcb28635382b4b05e53df82fabe7c3097679a701f","/_next/static/chunks/d91e9ae9-1895d1b7d85b740583e9.js":"59c70ecc83f8d5fe5af2d624610b2bf674ba434d1b5e578fe2437325fef9d547","/_next/static/chunks/ff239f9d-f30da0e57009d32ebbad.js":"6c589a62cd0840795f6cf13aee13e68cd4832ee31d26f6796b716d29e0ad9a33","/_next/static/chunks/926-4ae8ff6742c4ef37aa37.js":"5d66facb513bd2ef138f92433ccc7d006690a582b8e5bbefbfb1de1ecfbd631e","/_next/static/chunks/2df5cbd4-d827a47dae8db407ebfc.js":"8d09e65ef6cefe9ac474c4a9ccaa311d219346624dd11324939cf964a8100f72","/ping.png":"73a0060c3bfac6a5a3dacd1c8434338bb2e64eb463e8514668e0d94244b9b3a3"}}
[debug] [2021-08-11T05:47:38.261Z] [populateQueue] Retrying task index 0
[debug] [2021-08-11T05:47:38.263Z] >>> [apiv2][query] POST https://firebasehosting.googleapis.com/v1beta1/sites/anatato-pingpong/versions/2eba76bff9834cf2:populateFiles [none]
[debug] [2021-08-11T05:47:38.263Z] >>> [apiv2][body] POST https://firebasehosting.googleapis.com/v1beta1/sites/anatato-pingpong/versions/2eba76bff9834cf2:populateFiles {"files":{"/vercel.svg":"52e0371390cc99e009fdfa1f1c9559010afed60b86f5caaf036bf9bc14ab2501","/404.html":"156cda3a21f9f53d66d7396dcebfbb5a479273fe048dd0ed39026c45402c769e","/_next/static/54ATslPicBT2OCSB4ZxK9/_buildManifest.js":"b8fa0bde401b6263ef3926dbbea6302db0e53a01dc9196a72f3660e84b839e4f","/index.html":"8528b85b203b3f96b4443b4e02a7aa28e58ddafc63a81bc375dc42a2bc92e669","/_next/static/54ATslPicBT2OCSB4ZxK9/_ssgManifest.js":"5c126729f9831113842c425975615db312fa26d39f3a9e1baa47d4ad65ac2f90","/_next/static/chunks/766.1209fb4e5055e0469323.js":"450a82b7bacdde0c742c6d3679f1fb0eae025792b538a9bcc30376031e7b958f","/favicon.ico":"04614fc32690cb60b39e472119b7f7aa91d88eaeb8511a7489f8cbe1552e6e59","/_next/static/chunks/webpack-91f4326f7ca77c828202.js":"a82c8344dc36285892db79e0d00941db274f4328a0fd38aed80acfb6fc05bb79","/_next/static/chunks/pages/_app-02523805f1f9350d0682.js":"c866cadcdcf72bf8fac2a1b1100eab8700edbddcfe824368cc64b12a1473682c","/_next/static/css/120f2e2270820d49a21f.css":"74c622bbbf4967a44f0533737b9fa1348ce65c45b6561da53f5e4b8a9a0cec52","/_next/static/chunks/pages/index-efc09f31ceb996087a8c.js":"17019809807bb693e7645a35a40598ac06a6994a675c3e1bf474115d3584ce7f","/_next/static/css/b9b607e82cbfaa437a80.css":"8f406799199a6cfe237d6d272d0bb391f224efba8725f4ae5ee40f397a33041c","/_next/static/chunks/pages/_error-9faf4177fb4e528b4124.js":"6373ad44f04cb8a2681346c259529f69e8ecdc00d2797d14cfa9e0f31767549d","/_next/static/chunks/main-655ad0ce567efa01caa9.js":"b425c1cf80e24864ccec10cf24f434d53bdebccb4b121d38e0c36c0eb402338b","/_next/static/chunks/polyfills-a54b4f32bdc1ef890ddd.js":"d1fc174b1721661ad39961cba8b1b3237f8b9d7f272c16ed7b1e8f950266bb2b","/_next/static/chunks/framework-64eb7138163e04c228e4.js":"c294fb8c941fe81de48ac801f02550679e286711604f6e85a5864acbce17944f","/pong.mp3":"5146b092ed55cc80350488dfcb28635382b4b05e53df82fabe7c3097679a701f","/_next/static/chunks/d91e9ae9-1895d1b7d85b740583e9.js":"59c70ecc83f8d5fe5af2d624610b2bf674ba434d1b5e578fe2437325fef9d547","/_next/static/chunks/ff239f9d-f30da0e57009d32ebbad.js":"6c589a62cd0840795f6cf13aee13e68cd4832ee31d26f6796b716d29e0ad9a33","/_next/static/chunks/926-4ae8ff6742c4ef37aa37.js":"5d66facb513bd2ef138f92433ccc7d006690a582b8e5bbefbfb1de1ecfbd631e","/_next/static/chunks/2df5cbd4-d827a47dae8db407ebfc.js":"8d09e65ef6cefe9ac474c4a9ccaa311d219346624dd11324939cf964a8100f72","/ping.png":"73a0060c3bfac6a5a3dacd1c8434338bb2e64eb463e8514668e0d94244b9b3a3"}}
[debug] [2021-08-11T05:47:44.960Z] <<< [apiv2][status] POST https://firebasehosting.googleapis.com/v1beta1/sites/anatato-pingpong/versions/2eba76bff9834cf2:populateFiles 200
[debug] [2021-08-11T05:47:44.960Z] <<< [apiv2][body] POST https://firebasehosting.googleapis.com/v1beta1/sites/anatato-pingpong/versions/2eba76bff9834cf2:populateFiles {"uploadRequiredHashes":["8f406799199a6cfe237d6d272d0bb391f224efba8725f4ae5ee40f397a33041c","73a0060c3bfac6a5a3dacd1c8434338bb2e64eb463e8514668e0d94244b9b3a3","b8fa0bde401b6263ef3926dbbea6302db0e53a01dc9196a72f3660e84b839e4f","a82c8344dc36285892db79e0d00941db274f4328a0fd38aed80acfb6fc05bb79","17019809807bb693e7645a35a40598ac06a6994a675c3e1bf474115d3584ce7f","c294fb8c941fe81de48ac801f02550679e286711604f6e85a5864acbce17944f","156cda3a21f9f53d66d7396dcebfbb5a479273fe048dd0ed39026c45402c769e","8528b85b203b3f96b4443b4e02a7aa28e58ddafc63a81bc375dc42a2bc92e669"],"uploadUrl":"https://upload-firebasehosting.googleapis.com/upload/sites/anatato-pingpong/versions/2eba76bff9834cf2/files"}
[debug] [2021-08-11T05:47:44.966Z] >>> [apiv2][query] POST https://upload-firebasehosting.googleapis.com/upload/sites/anatato-pingpong/versions/2eba76bff9834cf2/files/8f406799199a6cfe237d6d272d0bb391f224efba8725f4ae5ee40f397a33041c [none]
[debug] [2021-08-11T05:47:44.967Z] >>> [apiv2][body] POST https://upload-firebasehosting.googleapis.com/upload/sites/anatato-pingpong/versions/2eba76bff9834cf2/files/8f406799199a6cfe237d6d272d0bb391f224efba8725f4ae5ee40f397a33041c [stream]
[debug] [2021-08-11T05:47:44.969Z] >>> [apiv2][query] POST https://upload-firebasehosting.googleapis.com/upload/sites/anatato-pingpong/versions/2eba76bff9834cf2/files/73a0060c3bfac6a5a3dacd1c8434338bb2e64eb463e8514668e0d94244b9b3a3 [none]
[debug] [2021-08-11T05:47:44.969Z] >>> [apiv2][body] POST https://upload-firebasehosting.googleapis.com/upload/sites/anatato-pingpong/versions/2eba76bff9834cf2/files/73a0060c3bfac6a5a3dacd1c8434338bb2e64eb463e8514668e0d94244b9b3a3 [stream]
[debug] [2021-08-11T05:47:44.972Z] >>> [apiv2][query] POST https://upload-firebasehosting.googleapis.com/upload/sites/anatato-pingpong/versions/2eba76bff9834cf2/files/b8fa0bde401b6263ef3926dbbea6302db0e53a01dc9196a72f3660e84b839e4f [none]
[debug] [2021-08-11T05:47:44.974Z] >>> [apiv2][body] POST https://upload-firebasehosting.googleapis.com/upload/sites/anatato-pingpong/versions/2eba76bff9834cf2/files/b8fa0bde401b6263ef3926dbbea6302db0e53a01dc9196a72f3660e84b839e4f [stream]
[debug] [2021-08-11T05:47:44.975Z] >>> [apiv2][query] POST https://upload-firebasehosting.googleapis.com/upload/sites/anatato-pingpong/versions/2eba76bff9834cf2/files/a82c8344dc36285892db79e0d00941db274f4328a0fd38aed80acfb6fc05bb79 [none]
[debug] [2021-08-11T05:47:44.975Z] >>> [apiv2][body] POST https://upload-firebasehosting.googleapis.com/upload/sites/anatato-pingpong/versions/2eba76bff9834cf2/files/a82c8344dc36285892db79e0d00941db274f4328a0fd38aed80acfb6fc05bb79 [stream]
[debug] [2021-08-11T05:47:44.976Z] >>> [apiv2][query] POST https://upload-firebasehosting.googleapis.com/upload/sites/anatato-pingpong/versions/2eba76bff9834cf2/files/17019809807bb693e7645a35a40598ac06a6994a675c3e1bf474115d3584ce7f [none]
[debug] [2021-08-11T05:47:44.976Z] >>> [apiv2][body] POST https://upload-firebasehosting.googleapis.com/upload/sites/anatato-pingpong/versions/2eba76bff9834cf2/files/17019809807bb693e7645a35a40598ac06a6994a675c3e1bf474115d3584ce7f [stream]
[debug] [2021-08-11T05:47:44.979Z] >>> [apiv2][query] POST https://upload-firebasehosting.googleapis.com/upload/sites/anatato-pingpong/versions/2eba76bff9834cf2/files/c294fb8c941fe81de48ac801f02550679e286711604f6e85a5864acbce17944f [none]
[debug] [2021-08-11T05:47:44.979Z] >>> [apiv2][body] POST https://upload-firebasehosting.googleapis.com/upload/sites/anatato-pingpong/versions/2eba76bff9834cf2/files/c294fb8c941fe81de48ac801f02550679e286711604f6e85a5864acbce17944f [stream]
[debug] [2021-08-11T05:47:44.979Z] >>> [apiv2][query] POST https://upload-firebasehosting.googleapis.com/upload/sites/anatato-pingpong/versions/2eba76bff9834cf2/files/156cda3a21f9f53d66d7396dcebfbb5a479273fe048dd0ed39026c45402c769e [none]
[debug] [2021-08-11T05:47:44.979Z] >>> [apiv2][body] POST https://upload-firebasehosting.googleapis.com/upload/sites/anatato-pingpong/versions/2eba76bff9834cf2/files/156cda3a21f9f53d66d7396dcebfbb5a479273fe048dd0ed39026c45402c769e [stream]
[debug] [2021-08-11T05:47:44.980Z] >>> [apiv2][query] POST https://upload-firebasehosting.googleapis.com/upload/sites/anatato-pingpong/versions/2eba76bff9834cf2/files/8528b85b203b3f96b4443b4e02a7aa28e58ddafc63a81bc375dc42a2bc92e669 [none]
[debug] [2021-08-11T05:47:44.980Z] >>> [apiv2][body] POST https://upload-firebasehosting.googleapis.com/upload/sites/anatato-pingpong/versions/2eba76bff9834cf2/files/8528b85b203b3f96b4443b4e02a7aa28e58ddafc63a81bc375dc42a2bc92e669 [stream]
[debug] [2021-08-11T05:47:44.980Z] [hosting][populate queue][FINAL] {"max":6704,"min":6704,"avg":6704,"active":0,"complete":1,"success":1,"errored":0,"retried":1,"total":1,"elapsed":14404}
[debug] [2021-08-11T05:47:44.981Z] [hosting] uploads queued: 8
[debug] [2021-08-11T05:48:03.589Z] [uploadQueue] Retrying task 17019809807bb693e7645a35a40598ac06a6994a675c3e1bf474115d3584ce7f
[debug] [2021-08-11T05:48:03.594Z] >>> [apiv2][query] POST https://upload-firebasehosting.googleapis.com/upload/sites/anatato-pingpong/versions/2eba76bff9834cf2/files/17019809807bb693e7645a35a40598ac06a6994a675c3e1bf474115d3584ce7f [none]
[debug] [2021-08-11T05:48:03.594Z] >>> [apiv2][body] POST https://upload-firebasehosting.googleapis.com/upload/sites/anatato-pingpong/versions/2eba76bff9834cf2/files/17019809807bb693e7645a35a40598ac06a6994a675c3e1bf474115d3584ce7f [stream]
[debug] [2021-08-11T05:48:03.596Z] [uploadQueue] Retrying task 8f406799199a6cfe237d6d272d0bb391f224efba8725f4ae5ee40f397a33041c
[debug] [2021-08-11T05:48:03.597Z] >>> [apiv2][query] POST https://upload-firebasehosting.googleapis.com/upload/sites/anatato-pingpong/versions/2eba76bff9834cf2/files/8f406799199a6cfe237d6d272d0bb391f224efba8725f4ae5ee40f397a33041c [none]
[debug] [2021-08-11T05:48:03.597Z] >>> [apiv2][body] POST https://upload-firebasehosting.googleapis.com/upload/sites/anatato-pingpong/versions/2eba76bff9834cf2/files/8f406799199a6cfe237d6d272d0bb391f224efba8725f4ae5ee40f397a33041c [stream]
[debug] [2021-08-11T05:48:03.597Z] [uploadQueue] Retrying task 156cda3a21f9f53d66d7396dcebfbb5a479273fe048dd0ed39026c45402c769e
[debug] [2021-08-11T05:48:03.597Z] >>> [apiv2][query] POST https://upload-firebasehosting.googleapis.com/upload/sites/anatato-pingpong/versions/2eba76bff9834cf2/files/156cda3a21f9f53d66d7396dcebfbb5a479273fe048dd0ed39026c45402c769e [none]
[debug] [2021-08-11T05:48:03.597Z] >>> [apiv2][body] POST https://upload-firebasehosting.googleapis.com/upload/sites/anatato-pingpong/versions/2eba76bff9834cf2/files/156cda3a21f9f53d66d7396dcebfbb5a479273fe048dd0ed39026c45402c769e [stream]
[debug] [2021-08-11T05:48:03.598Z] [uploadQueue] Retrying task b8fa0bde401b6263ef3926dbbea6302db0e53a01dc9196a72f3660e84b839e4f
[debug] [2021-08-11T05:48:03.598Z] >>> [apiv2][query] POST https://upload-firebasehosting.googleapis.com/upload/sites/anatato-pingpong/versions/2eba76bff9834cf2/files/b8fa0bde401b6263ef3926dbbea6302db0e53a01dc9196a72f3660e84b839e4f [none]
[debug] [2021-08-11T05:48:03.598Z] >>> [apiv2][body] POST https://upload-firebasehosting.googleapis.com/upload/sites/anatato-pingpong/versions/2eba76bff9834cf2/files/b8fa0bde401b6263ef3926dbbea6302db0e53a01dc9196a72f3660e84b839e4f [stream]
[debug] [2021-08-11T05:48:03.598Z] [uploadQueue] Retrying task c294fb8c941fe81de48ac801f02550679e286711604f6e85a5864acbce17944f
[debug] [2021-08-11T05:48:03.599Z] >>> [apiv2][query] POST https://upload-firebasehosting.googleapis.com/upload/sites/anatato-pingpong/versions/2eba76bff9834cf2/files/c294fb8c941fe81de48ac801f02550679e286711604f6e85a5864acbce17944f [none]
[debug] [2021-08-11T05:48:03.599Z] >>> [apiv2][body] POST https://upload-firebasehosting.googleapis.com/upload/sites/anatato-pingpong/versions/2eba76bff9834cf2/files/c294fb8c941fe81de48ac801f02550679e286711604f6e85a5864acbce17944f [stream]
[debug] [2021-08-11T05:48:03.599Z] [uploadQueue] Retrying task a82c8344dc36285892db79e0d00941db274f4328a0fd38aed80acfb6fc05bb79
[debug] [2021-08-11T05:48:03.599Z] >>> [apiv2][query] POST https://upload-firebasehosting.googleapis.com/upload/sites/anatato-pingpong/versions/2eba76bff9834cf2/files/a82c8344dc36285892db79e0d00941db274f4328a0fd38aed80acfb6fc05bb79 [none]
[debug] [2021-08-11T05:48:03.599Z] >>> [apiv2][body] POST https://upload-firebasehosting.googleapis.com/upload/sites/anatato-pingpong/versions/2eba76bff9834cf2/files/a82c8344dc36285892db79e0d00941db274f4328a0fd38aed80acfb6fc05bb79 [stream]
[debug] [2021-08-11T05:48:03.600Z] [uploadQueue] Retrying task 8528b85b203b3f96b4443b4e02a7aa28e58ddafc63a81bc375dc42a2bc92e669
[debug] [2021-08-11T05:48:03.600Z] >>> [apiv2][query] POST https://upload-firebasehosting.googleapis.com/upload/sites/anatato-pingpong/versions/2eba76bff9834cf2/files/8528b85b203b3f96b4443b4e02a7aa28e58ddafc63a81bc375dc42a2bc92e669 [none]
[debug] [2021-08-11T05:48:03.600Z] >>> [apiv2][body] POST https://upload-firebasehosting.googleapis.com/upload/sites/anatato-pingpong/versions/2eba76bff9834cf2/files/8528b85b203b3f96b4443b4e02a7aa28e58ddafc63a81bc375dc42a2bc92e669 [stream]
[debug] [2021-08-11T05:48:03.614Z] [uploadQueue] Retrying task 73a0060c3bfac6a5a3dacd1c8434338bb2e64eb463e8514668e0d94244b9b3a3
[debug] [2021-08-11T05:48:03.615Z] >>> [apiv2][query] POST https://upload-firebasehosting.googleapis.com/upload/sites/anatato-pingpong/versions/2eba76bff9834cf2/files/73a0060c3bfac6a5a3dacd1c8434338bb2e64eb463e8514668e0d94244b9b3a3 [none]
[debug] [2021-08-11T05:48:03.615Z] >>> [apiv2][body] POST https://upload-firebasehosting.googleapis.com/upload/sites/anatato-pingpong/versions/2eba76bff9834cf2/files/73a0060c3bfac6a5a3dacd1c8434338bb2e64eb463e8514668e0d94244b9b3a3 [stream]
[debug] [2021-08-11T05:48:25.858Z] [uploadQueue] Retrying task 8f406799199a6cfe237d6d272d0bb391f224efba8725f4ae5ee40f397a33041c
[debug] [2021-08-11T05:48:25.859Z] >>> [apiv2][query] POST https://upload-firebasehosting.googleapis.com/upload/sites/anatato-pingpong/versions/2eba76bff9834cf2/files/8f406799199a6cfe237d6d272d0bb391f224efba8725f4ae5ee40f397a33041c [none]
[debug] [2021-08-11T05:48:25.859Z] >>> [apiv2][body] POST https://upload-firebasehosting.googleapis.com/upload/sites/anatato-pingpong/versions/2eba76bff9834cf2/files/8f406799199a6cfe237d6d272d0bb391f224efba8725f4ae5ee40f397a33041c [stream]
[debug] [2021-08-11T05:48:25.860Z] [uploadQueue] Retrying task b8fa0bde401b6263ef3926dbbea6302db0e53a01dc9196a72f3660e84b839e4f
[debug] [2021-08-11T05:48:25.860Z] >>> [apiv2][query] POST https://upload-firebasehosting.googleapis.com/upload/sites/anatato-pingpong/versions/2eba76bff9834cf2/files/b8fa0bde401b6263ef3926dbbea6302db0e53a01dc9196a72f3660e84b839e4f [none]
[debug] [2021-08-11T05:48:25.860Z] >>> [apiv2][body] POST https://upload-firebasehosting.googleapis.com/upload/sites/anatato-pingpong/versions/2eba76bff9834cf2/files/b8fa0bde401b6263ef3926dbbea6302db0e53a01dc9196a72f3660e84b839e4f [stream]
[debug] [2021-08-11T05:48:25.860Z] [uploadQueue] Retrying task 17019809807bb693e7645a35a40598ac06a6994a675c3e1bf474115d3584ce7f
[debug] [2021-08-11T05:48:25.860Z] >>> [apiv2][query] POST https://upload-firebasehosting.googleapis.com/upload/sites/anatato-pingpong/versions/2eba76bff9834cf2/files/17019809807bb693e7645a35a40598ac06a6994a675c3e1bf474115d3584ce7f [none]
[debug] [2021-08-11T05:48:25.861Z] >>> [apiv2][body] POST https://upload-firebasehosting.googleapis.com/upload/sites/anatato-pingpong/versions/2eba76bff9834cf2/files/17019809807bb693e7645a35a40598ac06a6994a675c3e1bf474115d3584ce7f [stream]
[debug] [2021-08-11T05:48:25.861Z] [uploadQueue] Retrying task 156cda3a21f9f53d66d7396dcebfbb5a479273fe048dd0ed39026c45402c769e
[debug] [2021-08-11T05:48:25.861Z] >>> [apiv2][query] POST https://upload-firebasehosting.googleapis.com/upload/sites/anatato-pingpong/versions/2eba76bff9834cf2/files/156cda3a21f9f53d66d7396dcebfbb5a479273fe048dd0ed39026c45402c769e [none]
[debug] [2021-08-11T05:48:25.861Z] >>> [apiv2][body] POST https://upload-firebasehosting.googleapis.com/upload/sites/anatato-pingpong/versions/2eba76bff9834cf2/files/156cda3a21f9f53d66d7396dcebfbb5a479273fe048dd0ed39026c45402c769e [stream]
[debug] [2021-08-11T05:48:25.862Z] [uploadQueue] Retrying task c294fb8c941fe81de48ac801f02550679e286711604f6e85a5864acbce17944f
[debug] [2021-08-11T05:48:25.862Z] >>> [apiv2][query] POST https://upload-firebasehosting.googleapis.com/upload/sites/anatato-pingpong/versions/2eba76bff9834cf2/files/c294fb8c941fe81de48ac801f02550679e286711604f6e85a5864acbce17944f [none]
[debug] [2021-08-11T05:48:25.862Z] >>> [apiv2][body] POST https://upload-firebasehosting.googleapis.com/upload/sites/anatato-pingpong/versions/2eba76bff9834cf2/files/c294fb8c941fe81de48ac801f02550679e286711604f6e85a5864acbce17944f [stream]
[debug] [2021-08-11T05:48:25.862Z] [uploadQueue] Retrying task 8528b85b203b3f96b4443b4e02a7aa28e58ddafc63a81bc375dc42a2bc92e669
[debug] [2021-08-11T05:48:25.862Z] >>> [apiv2][query] POST https://upload-firebasehosting.googleapis.com/upload/sites/anatato-pingpong/versions/2eba76bff9834cf2/files/8528b85b203b3f96b4443b4e02a7aa28e58ddafc63a81bc375dc42a2bc92e669 [none]
[debug] [2021-08-11T05:48:25.863Z] >>> [apiv2][body] POST https://upload-firebasehosting.googleapis.com/upload/sites/anatato-pingpong/versions/2eba76bff9834cf2/files/8528b85b203b3f96b4443b4e02a7aa28e58ddafc63a81bc375dc42a2bc92e669 [stream]
[debug] [2021-08-11T05:48:25.863Z] [uploadQueue] Retrying task a82c8344dc36285892db79e0d00941db274f4328a0fd38aed80acfb6fc05bb79
[debug] [2021-08-11T05:48:25.864Z] >>> [apiv2][query] POST https://upload-firebasehosting.googleapis.com/upload/sites/anatato-pingpong/versions/2eba76bff9834cf2/files/a82c8344dc36285892db79e0d00941db274f4328a0fd38aed80acfb6fc05bb79 [none]
[debug] [2021-08-11T05:48:25.864Z] >>> [apiv2][body] POST https://upload-firebasehosting.googleapis.com/upload/sites/anatato-pingpong/versions/2eba76bff9834cf2/files/a82c8344dc36285892db79e0d00941db274f4328a0fd38aed80acfb6fc05bb79 [stream]
[debug] [2021-08-11T05:48:25.864Z] [uploadQueue] Retrying task 73a0060c3bfac6a5a3dacd1c8434338bb2e64eb463e8514668e0d94244b9b3a3
[debug] [2021-08-11T05:48:25.865Z] >>> [apiv2][query] POST https://upload-firebasehosting.googleapis.com/upload/sites/anatato-pingpong/versions/2eba76bff9834cf2/files/73a0060c3bfac6a5a3dacd1c8434338bb2e64eb463e8514668e0d94244b9b3a3 [none]
[debug] [2021-08-11T05:48:25.865Z] >>> [apiv2][body] POST https://upload-firebasehosting.googleapis.com/upload/sites/anatato-pingpong/versions/2eba76bff9834cf2/files/73a0060c3bfac6a5a3dacd1c8434338bb2e64eb463e8514668e0d94244b9b3a3 [stream]
[debug] [2021-08-11T05:48:33.180Z] <<< [apiv2][status] POST https://upload-firebasehosting.googleapis.com/upload/sites/anatato-pingpong/versions/2eba76bff9834cf2/files/a82c8344dc36285892db79e0d00941db274f4328a0fd38aed80acfb6fc05bb79 200
[debug] [2021-08-11T05:48:33.181Z] <<< [apiv2][body] POST https://upload-firebasehosting.googleapis.com/upload/sites/anatato-pingpong/versions/2eba76bff9834cf2/files/a82c8344dc36285892db79e0d00941db274f4328a0fd38aed80acfb6fc05bb79 [stream]
[debug] [2021-08-11T05:48:42.586Z] <<< [apiv2][status] POST https://upload-firebasehosting.googleapis.com/upload/sites/anatato-pingpong/versions/2eba76bff9834cf2/files/17019809807bb693e7645a35a40598ac06a6994a675c3e1bf474115d3584ce7f 200
[debug] [2021-08-11T05:48:42.587Z] <<< [apiv2][body] POST https://upload-firebasehosting.googleapis.com/upload/sites/anatato-pingpong/versions/2eba76bff9834cf2/files/17019809807bb693e7645a35a40598ac06a6994a675c3e1bf474115d3584ce7f [stream]
[debug] [2021-08-11T05:48:45.035Z] <<< [apiv2][status] POST https://upload-firebasehosting.googleapis.com/upload/sites/anatato-pingpong/versions/2eba76bff9834cf2/files/b8fa0bde401b6263ef3926dbbea6302db0e53a01dc9196a72f3660e84b839e4f 200
[debug] [2021-08-11T05:48:45.035Z] <<< [apiv2][body] POST https://upload-firebasehosting.googleapis.com/upload/sites/anatato-pingpong/versions/2eba76bff9834cf2/files/b8fa0bde401b6263ef3926dbbea6302db0e53a01dc9196a72f3660e84b839e4f [stream]
[debug] [2021-08-11T05:48:45.447Z] <<< [apiv2][status] POST https://upload-firebasehosting.googleapis.com/upload/sites/anatato-pingpong/versions/2eba76bff9834cf2/files/8f406799199a6cfe237d6d272d0bb391f224efba8725f4ae5ee40f397a33041c 200
[debug] [2021-08-11T05:48:45.447Z] <<< [apiv2][body] POST https://upload-firebasehosting.googleapis.com/upload/sites/anatato-pingpong/versions/2eba76bff9834cf2/files/8f406799199a6cfe237d6d272d0bb391f224efba8725f4ae5ee40f397a33041c [stream]
[debug] [2021-08-11T05:48:46.652Z] <<< [apiv2][status] POST https://upload-firebasehosting.googleapis.com/upload/sites/anatato-pingpong/versions/2eba76bff9834cf2/files/156cda3a21f9f53d66d7396dcebfbb5a479273fe048dd0ed39026c45402c769e 200
[debug] [2021-08-11T05:48:46.652Z] <<< [apiv2][body] POST https://upload-firebasehosting.googleapis.com/upload/sites/anatato-pingpong/versions/2eba76bff9834cf2/files/156cda3a21f9f53d66d7396dcebfbb5a479273fe048dd0ed39026c45402c769e [stream]
[debug] [2021-08-11T05:48:46.669Z] <<< [apiv2][status] POST https://upload-firebasehosting.googleapis.com/upload/sites/anatato-pingpong/versions/2eba76bff9834cf2/files/8528b85b203b3f96b4443b4e02a7aa28e58ddafc63a81bc375dc42a2bc92e669 200
[debug] [2021-08-11T05:48:46.669Z] <<< [apiv2][body] POST https://upload-firebasehosting.googleapis.com/upload/sites/anatato-pingpong/versions/2eba76bff9834cf2/files/8528b85b203b3f96b4443b4e02a7aa28e58ddafc63a81bc375dc42a2bc92e669 [stream]
[debug] [2021-08-11T05:48:49.430Z] <<< [apiv2][status] POST https://upload-firebasehosting.googleapis.com/upload/sites/anatato-pingpong/versions/2eba76bff9834cf2/files/c294fb8c941fe81de48ac801f02550679e286711604f6e85a5864acbce17944f 200
[debug] [2021-08-11T05:48:49.430Z] <<< [apiv2][body] POST https://upload-firebasehosting.googleapis.com/upload/sites/anatato-pingpong/versions/2eba76bff9834cf2/files/c294fb8c941fe81de48ac801f02550679e286711604f6e85a5864acbce17944f [stream]
